<?xml version="1.0" encoding="UTF-8"?>
<!-- Generated by org.testng.reporters.JUnitReportReporter -->
<testsuite hostname="RANJITH" failures="0" tests="1" name="testscript.HomePageTest" time="2.445" errors="0" timestamp="2025-07-10T19:12:05 IST" skipped="0">
  <testcase classname="testscript.HomePageTest" name="isUserIsAbleToLogOut" time="2.445"/>
</testsuite> <!-- testscript.HomePageTest -->
