<?xml version="1.0" encoding="UTF-8"?>
<!-- Generated by org.testng.reporters.JUnitReportReporter -->
<testsuite hostname="RANJITH" failures="0" tests="1" name="testscript.HomePageTest" time="3.584" errors="0" timestamp="2025-07-03T20:28:36 IST" skipped="0">
  <testcase classname="testscript.HomePageTest" name="isUserIsAbleToLogOut" time="3.584"/>
</testsuite> <!-- testscript.HomePageTest -->
