<?xml version="1.0" encoding="UTF-8"?>
<!-- Generated by org.testng.reporters.JUnitReportReporter -->
<testsuite hostname="RANJITH" failures="0" tests="1" name="testscript.ManageFooterTest" time="4.274" errors="0" timestamp="2025-07-10T18:54:54 IST" skipped="0">
  <testcase classname="testscript.ManageFooterTest" name="verifyTheUserIsAbleToUpdateManageFooterTextInformation" time="4.274"/>
</testsuite> <!-- testscript.ManageFooterTest -->
