<?xml version="1.0" encoding="UTF-8"?>
<!-- Generated by org.testng.reporters.JUnitReportReporter -->
<testsuite hostname="RANJITH" failures="0" tests="1" name="testscript.ManageFooterTest" time="7.836" errors="0" timestamp="2025-06-22T21:17:54 IST" skipped="0">
  <testcase classname="testscript.ManageFooterTest" name="verifyTheUserIsAbleToUpdateManageFooterTextInformation" time="7.836"/>
</testsuite> <!-- testscript.ManageFooterTest -->
