<?xml version="1.0" encoding="UTF-8"?>
<!-- Generated by org.testng.reporters.JUnitReportReporter -->
<testsuite hostname="RANJITH" failures="0" tests="2" name="testscript.AdminUsersTest" time="7.672" errors="0" timestamp="2025-06-26T21:43:13 IST" skipped="0">
  <testcase classname="testscript.AdminUsersTest" name="verifyTheUserIsAbleToCreateTheAdminUsers" time="4.642"/>
  <testcase classname="testscript.AdminUsersTest" name="verifyTheUserIsAbleToUpdateTheAdminUsers" time="3.030"/>
</testsuite> <!-- testscript.AdminUsersTest -->
