<?xml version="1.0" encoding="UTF-8"?>
<!-- Generated by org.testng.reporters.JUnitReportReporter -->
<testsuite hostname="RANJITH" failures="0" tests="1" name="testscript.ManageCategoryTest" time="6.094" errors="0" timestamp="2025-06-24T22:37:19 IST" skipped="0">
  <testcase classname="testscript.ManageCategoryTest" name="verifyTheUserIsAbleToAddCategoryInformations" time="6.094"/>
</testsuite> <!-- testscript.ManageCategoryTest -->
