<?xml version="1.0" encoding="UTF-8"?>
<!-- Generated by org.testng.reporters.JUnitReportReporter -->
<testsuite hostname="RANJITH" failures="0" tests="2" name="testscript.Base" time="8.566" errors="0" timestamp="2025-06-26T00:41:25 IST" skipped="0">
  <testcase classname="testscript.Base" name="browserInitialisation" time="3.662"/>
  <testcase classname="testscript.Base" name="driverQuit" time="4.904"/>
</testsuite> <!-- testscript.Base -->
