<?xml version="1.0" encoding="UTF-8"?>
<!-- Generated by org.testng.reporters.JUnitReportReporter -->
<testsuite hostname="RANJITH" failures="0" tests="1" name="testscript.LogoutTest" time="3.381" errors="0" timestamp="2025-06-26T22:53:35 IST" skipped="0">
  <testcase classname="testscript.LogoutTest" name="isUserIsAbleToLogOut" time="3.381"/>
</testsuite> <!-- testscript.LogoutTest -->
