<?xml version="1.0" encoding="UTF-8"?>
<!-- Generated by org.testng.reporters.JUnitReportReporter -->
<testsuite hostname="RANJITH" failures="0" tests="3" name="testscript.AdminUsersTest" time="23.335" errors="0" timestamp="2025-07-10T19:12:05 IST" skipped="1">
  <testcase classname="testscript.AdminUsersTest" name="verifyTheUserIsAbleToCreateTheAdminUsers" time="3.398"/>
  <testcase classname="testscript.AdminUsersTest" name="verifyTheUserIsAbleToUpdateTheAdminUsers" time="3.129"/>
  <testcase classname="testscript.AdminUsersTest" name="verifyTheUserIsAbleToCreateTheAdminUsers" time="16.808">
    <skipped/>
  </testcase> <!-- verifyTheUserIsAbleToCreateTheAdminUsers -->
</testsuite> <!-- testscript.AdminUsersTest -->
