<?xml version="1.0" encoding="UTF-8"?>
<!-- Generated by org.testng.reporters.JUnitReportReporter -->
<testsuite hostname="RANJITH" failures="0" tests="2" name="testscript.AdminUsersTest" time="8.859" errors="0" timestamp="2025-06-26T22:53:35 IST" skipped="0">
  <testcase classname="testscript.AdminUsersTest" name="verifyTheUserIsAbleToUpdateTheAdminUsers" time="4.745"/>
  <testcase classname="testscript.AdminUsersTest" name="verifyTheUserIsAbleToCreateTheAdminUsers" time="4.114"/>
</testsuite> <!-- testscript.AdminUsersTest -->
