<?xml version="1.0" encoding="UTF-8"?>
<!-- Generated by org.testng.reporters.JUnitReportReporter -->
<testsuite hostname="RANJITH" failures="0" tests="1" name="testscript.ManageFooterTest" time="5.452" errors="0" timestamp="2025-06-26T22:53:35 IST" skipped="0">
  <testcase classname="testscript.ManageFooterTest" name="verifyTheUserIsAbleToUpdateManageFooterTextInformation" time="5.452"/>
</testsuite> <!-- testscript.ManageFooterTest -->
