<?xml version="1.0" encoding="UTF-8"?>
<!-- Generated by org.testng.reporters.JUnitReportReporter -->
<testsuite hostname="RANJITH" failures="0" tests="1" name="testscript.ManageCategoryTest" time="5.692" errors="0" timestamp="2025-06-26T22:53:35 IST" skipped="0">
  <testcase classname="testscript.ManageCategoryTest" name="verifyTheUserIsAbleToAddCategoryInformations" time="5.692"/>
</testsuite> <!-- testscript.ManageCategoryTest -->
