<?xml version="1.0" encoding="UTF-8"?>
<!-- Generated by org.testng.reporters.JUnitReportReporter -->
<testsuite hostname="RANJITH" failures="0" tests="1" name="testscript.ManageContactTest" time="4.968" errors="0" timestamp="2025-06-24T23:23:38 IST" skipped="0">
  <testcase classname="testscript.ManageContactTest" name="verifyTheUserIsAbleToDisplayContactUsInformations" time="4.968"/>
</testsuite> <!-- testscript.ManageContactTest -->
