<?xml version="1.0" encoding="UTF-8"?>
<!-- Generated by org.testng.reporters.JUnitReportReporter -->
<testsuite hostname="RANJITH" failures="0" tests="1" name="testscript.ManageFooterTest" time="3.654" errors="0" timestamp="2025-06-26T21:43:13 IST" skipped="0">
  <testcase classname="testscript.ManageFooterTest" name="verifyTheUserIsAbleToUpdateManageFooterTextInformation" time="3.654"/>
</testsuite> <!-- testscript.ManageFooterTest -->
