<?xml version="1.0" encoding="UTF-8"?>
<!-- Generated by org.testng.reporters.JUnitReportReporter -->
<testsuite hostname="RANJITH" failures="0" tests="2" name="testscript.ManageNewsTest" time="5.694" errors="0" timestamp="2025-06-26T21:43:13 IST" skipped="0">
  <testcase classname="testscript.ManageNewsTest" name="verifyTheUserIsAbleToUpdateTheNews" time="2.956"/>
  <testcase classname="testscript.ManageNewsTest" name="verifyTheUserIsAbleToEnterTheNews" time="2.738"/>
</testsuite> <!-- testscript.ManageNewsTest -->
