<?xml version="1.0" encoding="UTF-8"?>
<!-- Generated by org.testng.reporters.JUnitReportReporter -->
<testsuite hostname="RANJITH" failures="0" tests="2" name="testscript.AdminUsersTest" time="10.783" errors="0" timestamp="2025-07-10T18:54:54 IST" skipped="0">
  <testcase classname="testscript.AdminUsersTest" name="verifyTheUserIsAbleToCreateTheAdminUsers" time="5.938"/>
  <testcase classname="testscript.AdminUsersTest" name="verifyTheUserIsAbleToUpdateTheAdminUsers" time="4.845"/>
</testsuite> <!-- testscript.AdminUsersTest -->
