<?xml version="1.0" encoding="UTF-8"?>
<!-- Generated by org.testng.reporters.JUnitReportReporter -->
<testsuite hostname="RANJITH" failures="0" tests="2" name="testscript.AdminUsersTest" time="9.502" errors="0" timestamp="2025-06-25T00:21:57 IST" skipped="1">
  <testcase classname="testscript.AdminUsersTest" name="verifyTheUserIsAbleToCreateTheAdminUsers" time="4.255"/>
  <testcase classname="testscript.AdminUsersTest" name="verifyTheUserIsAbleToCreateTheAdminUsers" time="5.247">
    <skipped/>
  </testcase> <!-- verifyTheUserIsAbleToCreateTheAdminUsers -->
</testsuite> <!-- testscript.AdminUsersTest -->
