<?xml version="1.0" encoding="UTF-8"?>
<!-- Generated by org.testng.reporters.JUnitReportReporter -->
<testsuite hostname="RANJITH" failures="0" tests="2" name="testscript.Base" time="7.522" errors="0" timestamp="2025-06-21T20:34:40 IST" skipped="0">
  <testcase classname="testscript.Base" name="browserInitialisation" time="6.977"/>
  <testcase classname="testscript.Base" name="driverQuit" time="0.545"/>
</testsuite> <!-- testscript.Base -->
