<?xml version="1.0" encoding="UTF-8"?>
<!-- Generated by org.testng.reporters.JUnitReportReporter -->
<testsuite hostname="RANJITH" failures="0" tests="1" name="testscript.LogoutTest" time="4.455" errors="0" timestamp="2025-06-25T00:00:15 IST" skipped="0">
  <testcase classname="testscript.LogoutTest" name="isUserIsAbleToLogOut" time="4.455"/>
</testsuite> <!-- testscript.LogoutTest -->
